Arguments: 
  /usr/local/bin/node /Users/azharahmad/.yarn/bin/yarnpkg install

PATH: 
  /Users/azharahmad/Library/Android/sdk/platform-tools:/usr/local/opt/openssl@1.1/bin:/Users/azharahmad/.yarn/bin:/Users/azharahmad/.config/yarn/global/node_modules/.bin:/Library/Frameworks/Python.framework/Versions/3.8/bin:/Users/azharahmad/opt/anaconda3/bin:/Users/azharahmad/opt/anaconda3/condabin:/Library/Frameworks/Python.framework/Versions/3.8/bin://anaconda/bin:/usr/local/bin:/usr/bin:/bin:/usr/sbin:/sbin:/Library/Apple/usr/bin

Yarn version: 
  1.22.4

Node version: 
  14.2.0

Platform: 
  darwin x64

Trace: 
  SyntaxError: /Users/azharahmad/Library/Caches/Yarn/v6/npm-expo-location-10.0.0-2923411649434f2f079343b163b13c5c9eee8b2d-integrity/node_modules/expo-location/.yarn-metadata.json: Unexpected end of JSON input
      at JSON.parse (<anonymous>)
      at /Users/azharahmad/.yarn/lib/cli.js:1625:59
      at Generator.next (<anonymous>)
      at step (/Users/azharahmad/.yarn/lib/cli.js:310:30)
      at /Users/azharahmad/.yarn/lib/cli.js:321:13

npm manifest: 
  {
    "main": "node_modules/expo/AppEntry.js",
    "scripts": {
      "start": "expo start",
      "android": "expo start --android",
      "ios": "expo start --ios",
      "web": "expo start --web",
      "eject": "expo eject"
    },
    "dependencies": {
      "expo": "~40.0.0",
      "expo-status-bar": "~1.0.3",
      "react": "16.13.1",
      "react-dom": "16.13.1",
      "react-native": "https://github.com/expo/react-native/archive/sdk-40.0.1.tar.gz",
      "react-native-web": "~0.13.12"
    },
    "devDependencies": {
      "@babel/core": "^7.9.0"
    },
    "private": true
  }

yarn manifest: 
  No manifest

Lockfile: 
  No lockfile
